<?xml version="1.0" encoding="UTF-8"?>
<!-- Generated by org.testng.reporters.JUnitReportReporter -->
<testsuite skipped="0" hostname="DEVESH-PC" name="FirstTestNG" tests="2" failures="0" timestamp="2020-06-08T00:06:08 IST" time="143.455" errors="0">
  <testcase name="verifyReLoginAfterLogOut" time="40.988" classname="FirstTestNG"/>
  <system-out/>
  <testcase name="verifyAddEmployeeTest" time="102.467" classname="FirstTestNG"/>
  <system-out/>
</testsuite> <!-- FirstTestNG -->
